[debug] [2023-08-06T07:34:03.241Z] ----------------------------------------------------------------------
[debug] [2023-08-06T07:34:03.244Z] Command:       C:\Program Files\nodejs\node.exe C:\Users\USER\AppData\Roaming\npm\node_modules\firebase-tools\lib\bin\firebase.js init
[debug] [2023-08-06T07:34:03.245Z] CLI Version:   12.4.7
[debug] [2023-08-06T07:34:03.245Z] Platform:      win32
[debug] [2023-08-06T07:34:03.245Z] Node Version:  v18.16.1
[debug] [2023-08-06T07:34:03.247Z] Time:          Sun Aug 06 2023 12:34:03 GMT+0500 (Pakistan Standard Time)
[debug] [2023-08-06T07:34:03.247Z] ----------------------------------------------------------------------
[debug] 
[debug] [2023-08-06T07:34:03.259Z] > command requires scopes: ["email","openid","https://www.googleapis.com/auth/cloudplatformprojects.readonly","https://www.googleapis.com/auth/firebase","https://www.googleapis.com/auth/cloud-platform"]
[debug] [2023-08-06T07:34:03.260Z] > authorizing via signed-in user (hello.programx@gmail.com)
[info] 
     ######## #### ########  ######## ########     ###     ######  ########
     ##        ##  ##     ## ##       ##     ##  ##   ##  ##       ##
     ######    ##  ########  ######   ########  #########  ######  ######
     ##        ##  ##    ##  ##       ##     ## ##     ##       ## ##
     ##       #### ##     ## ######## ########  ##     ##  ######  ########

You're about to initialize a Firebase project in this directory:

  E:\projects\programx.github.io

[info] 
=== Project Setup
[info] 
[info] First, let's associate this project directory with a Firebase project.
[info] You can create multiple project aliases by running firebase use --add, 
[info] but for now we'll just set up a default project.
[info] 
[debug] [2023-08-06T07:34:40.744Z] >>> [apiv2][query] GET https://firebase.googleapis.com/v1beta1/projects pageSize=100
[debug] [2023-08-06T07:34:41.576Z] <<< [apiv2][status] GET https://firebase.googleapis.com/v1beta1/projects 200
[debug] [2023-08-06T07:34:41.576Z] <<< [apiv2][body] GET https://firebase.googleapis.com/v1beta1/projects [omitted]
[info] i  Using project programxsite (ProgramX) 
[info] 
=== Hosting Setup
[info] 
[info] Your public directory is the folder (relative to your project directory) that
[info] will contain Hosting assets to be uploaded with firebase deploy. If you
[info] have a build process for your assets, use your build's output directory.
[info] 
